2014/11/23 16:29:08 [error] [exception.CHttpException.404] exception 'CHttpException' with message 'Unable to resolve the request "admin/login".' in /opt/lampp/htdocs/VNU20/framework/web/CWebApplication.php:286
Stack trace:
#0 /opt/lampp/htdocs/VNU20/framework/web/CWebApplication.php(141): CWebApplication->runController('admin/login')
#1 /opt/lampp/htdocs/VNU20/framework/base/CApplication.php(180): CWebApplication->processRequest()
#2 /opt/lampp/htdocs/VNU20/index.php(13): CApplication->run()
#3 {main}
REQUEST_URI=/VNU20/?r=admin/login
---
2014/11/23 22:29:20 [error] [exception.CDbException] exception 'CDbException' with message 'Table "Accounts" does not have a column named "status".' in /opt/lampp/htdocs/VNU20/framework/db/schema/CDbCommandBuilder.php:694
Stack trace:
#0 /opt/lampp/htdocs/VNU20/framework/db/ar/CActiveRecord.php(1518): CDbCommandBuilder->createColumnCriteria(Object(CMysqlTableSchema), Array, '', Array, '`t`.')
#1 /opt/lampp/htdocs/VNU20/protected/components/UserIdentity.php(23): CActiveRecord->findByAttributes(Array)
#2 /opt/lampp/htdocs/VNU20/protected/models/LoginForm.php(52): UserIdentity->authenticate()
#3 /opt/lampp/htdocs/VNU20/framework/validators/CInlineValidator.php(42): LoginForm->authenticate('password', Array)
#4 /opt/lampp/htdocs/VNU20/framework/validators/CValidator.php(213): CInlineValidator->validateAttribute(Object(LoginForm), 'password')
#5 /opt/lampp/htdocs/VNU20/framework/base/CModel.php(159): CValidator->validate(Object(LoginForm), NULL)
#6 /opt/lampp/htdocs/VNU20/protected/modules/admin/controllers/DefaultController.php(51): CModel->validate()
#7 /opt/lampp/htdocs/VNU20/framework/web/actions/CInlineAction.php(49): DefaultController->actionLogin()
#8 /opt/lampp/htdocs/VNU20/framework/web/CController.php(308): CInlineAction->runWithParams(Array)
#9 /opt/lampp/htdocs/VNU20/framework/web/CController.php(286): CController->runAction(Object(CInlineAction))
#10 /opt/lampp/htdocs/VNU20/framework/web/CController.php(265): CController->runActionWithFilters(Object(CInlineAction), Array)
#11 /opt/lampp/htdocs/VNU20/framework/web/CWebApplication.php(282): CController->run('login')
#12 /opt/lampp/htdocs/VNU20/framework/web/CWebApplication.php(141): CWebApplication->runController('admin/default/l...')
#13 /opt/lampp/htdocs/VNU20/framework/base/CApplication.php(180): CWebApplication->processRequest()
#14 /opt/lampp/htdocs/VNU20/index.php(13): CApplication->run()
#15 {main}
REQUEST_URI=/VNU20/index.php?r=admin/default/login
HTTP_REFERER=http://localhost/VNU20/index.php?r=admin/default/login
---
2014/11/23 22:48:01 [error] [system.db.CDbCommand] CDbCommand::fetchAll() failed: SQLSTATE[42S02]: Base table or view not found: 1146 Table 'alpha_vn20.AccountGroup' doesn't exist. The SQL statement executed was: SHOW FULL COLUMNS FROM `AccountGroup`.
in /opt/lampp/htdocs/VNU20/protected/components/UserIdentity.php (53)
in /opt/lampp/htdocs/VNU20/protected/components/UserIdentity.php (34)
in /opt/lampp/htdocs/VNU20/protected/models/LoginForm.php (52)
2014/11/23 22:48:01 [error] [exception.CDbException] exception 'CDbException' with message 'The table "AccountGroup" for active record class "AccountGroup" cannot be found in the database.' in /opt/lampp/htdocs/VNU20/framework/db/ar/CActiveRecord.php:2362
Stack trace:
#0 /opt/lampp/htdocs/VNU20/framework/db/ar/CActiveRecord.php(411): CActiveRecordMetaData->__construct(Object(AccountGroup))
#1 /opt/lampp/htdocs/VNU20/framework/db/ar/CActiveRecord.php(658): CActiveRecord->getMetaData()
#2 /opt/lampp/htdocs/VNU20/framework/db/ar/CActiveFinder.php(383): CActiveRecord->getTableSchema()
#3 /opt/lampp/htdocs/VNU20/framework/db/ar/CActiveFinder.php(278): CJoinElement->__construct(Object(CActiveFinder), Object(CHasManyRelation), Object(CJoinElement), 1)
#4 /opt/lampp/htdocs/VNU20/framework/db/ar/CActiveFinder.php(48): CActiveFinder->buildJoinTree(Object(CJoinElement), 'accountGroups')
#5 /opt/lampp/htdocs/VNU20/framework/db/ar/CActiveRecord.php(909): CActiveFinder->__construct(Object(Accounts), 'accountGroups')
#6 /opt/lampp/htdocs/VNU20/framework/db/ar/CActiveRecord.php(280): CActiveRecord->getActiveFinder('accountGroups')
#7 /opt/lampp/htdocs/VNU20/framework/db/ar/CActiveRecord.php(143): CActiveRecord->getRelated('accountGroups')
#8 /opt/lampp/htdocs/VNU20/protected/components/UserIdentity.php(53): CActiveRecord->__get('accountGroups')
#9 /opt/lampp/htdocs/VNU20/protected/components/UserIdentity.php(34): UserIdentity->setUser(Object(Accounts))
#10 /opt/lampp/htdocs/VNU20/protected/models/LoginForm.php(52): UserIdentity->authenticate()
#11 /opt/lampp/htdocs/VNU20/framework/validators/CInlineValidator.php(42): LoginForm->authenticate('password', Array)
#12 /opt/lampp/htdocs/VNU20/framework/validators/CValidator.php(213): CInlineValidator->validateAttribute(Object(LoginForm), 'password')
#13 /opt/lampp/htdocs/VNU20/framework/base/CModel.php(159): CValidator->validate(Object(LoginForm), NULL)
#14 /opt/lampp/htdocs/VNU20/protected/modules/admin/controllers/DefaultController.php(50): CModel->validate()
#15 /opt/lampp/htdocs/VNU20/framework/web/actions/CInlineAction.php(49): DefaultController->actionLogin()
#16 /opt/lampp/htdocs/VNU20/framework/web/CController.php(308): CInlineAction->runWithParams(Array)
#17 /opt/lampp/htdocs/VNU20/framework/web/CController.php(286): CController->runAction(Object(CInlineAction))
#18 /opt/lampp/htdocs/VNU20/framework/web/CController.php(265): CController->runActionWithFilters(Object(CInlineAction), Array)
#19 /opt/lampp/htdocs/VNU20/framework/web/CWebApplication.php(282): CController->run('login')
#20 /opt/lampp/htdocs/VNU20/framework/web/CWebApplication.php(141): CWebApplication->runController('admin/default/l...')
#21 /opt/lampp/htdocs/VNU20/framework/base/CApplication.php(180): CWebApplication->processRequest()
#22 /opt/lampp/htdocs/VNU20/index.php(13): CApplication->run()
#23 {main}
REQUEST_URI=/VNU20/index.php?r=admin/default/login
HTTP_REFERER=http://localhost/VNU20/index.php?r=admin/default/login
---
2014/11/23 19:17:35 [error] [exception.CHttpException.404] exception 'CHttpException' with message 'Unable to resolve the request "albums".' in /opt/lampp/htdocs/VNU20/framework/web/CWebApplication.php:286
Stack trace:
#0 /opt/lampp/htdocs/VNU20/framework/web/CWebApplication.php(141): CWebApplication->runController('albums')
#1 /opt/lampp/htdocs/VNU20/framework/base/CApplication.php(180): CWebApplication->processRequest()
#2 /opt/lampp/htdocs/VNU20/index.php(13): CApplication->run()
#3 {main}
REQUEST_URI=/VNU20/?r=albums
---
2014/11/23 19:17:43 [error] [exception.CException] exception 'CException' with message 'Property "AlbumController.newsEvent" is not defined.' in /opt/lampp/htdocs/VNU20/framework/base/CComponent.php:130
Stack trace:
#0 /opt/lampp/htdocs/VNU20/protected/views/layouts/single.php(183): CComponent->__get('newsEvent')
#1 /opt/lampp/htdocs/VNU20/framework/web/CBaseController.php(126): require('/opt/lampp/htdo...')
#2 /opt/lampp/htdocs/VNU20/framework/web/CBaseController.php(95): CBaseController->renderInternal('/opt/lampp/htdo...', Array, true)
#3 /opt/lampp/htdocs/VNU20/framework/web/CController.php(784): CBaseController->renderFile('/opt/lampp/htdo...', Array, true)
#4 /opt/lampp/htdocs/VNU20/protected/controllers/AlbumController.php(14): CController->render('index', Array)
#5 [internal function]: AlbumController->actionIndex(0)
#6 /opt/lampp/htdocs/VNU20/framework/web/actions/CAction.php(108): ReflectionMethod->invokeArgs(Object(AlbumController), Array)
#7 /opt/lampp/htdocs/VNU20/framework/web/actions/CInlineAction.php(47): CAction->runWithParamsInternal(Object(AlbumController), Object(ReflectionMethod), Array)
#8 /opt/lampp/htdocs/VNU20/framework/web/CController.php(308): CInlineAction->runWithParams(Array)
#9 /opt/lampp/htdocs/VNU20/framework/web/CController.php(286): CController->runAction(Object(CInlineAction))
#10 /opt/lampp/htdocs/VNU20/framework/web/CController.php(265): CController->runActionWithFilters(Object(CInlineAction), Array)
#11 /opt/lampp/htdocs/VNU20/framework/web/CWebApplication.php(282): CController->run('')
#12 /opt/lampp/htdocs/VNU20/framework/web/CWebApplication.php(141): CWebApplication->runController('album')
#13 /opt/lampp/htdocs/VNU20/framework/base/CApplication.php(180): CWebApplication->processRequest()
#14 /opt/lampp/htdocs/VNU20/index.php(13): CApplication->run()
#15 {main}
REQUEST_URI=/VNU20/?r=album
---
2014/11/23 19:18:32 [error] [exception.CException] exception 'CException' with message 'Property "AlbumController.tinTucSuKienCatId" is not defined.' in /opt/lampp/htdocs/VNU20/framework/base/CComponent.php:130
Stack trace:
#0 /opt/lampp/htdocs/VNU20/protected/controllers/AlbumController.php(10): CComponent->__get('tinTucSuKienCat...')
#1 /opt/lampp/htdocs/VNU20/framework/web/CController.php(306): AlbumController->beforeAction(Object(CInlineAction))
#2 /opt/lampp/htdocs/VNU20/framework/web/CController.php(286): CController->runAction(Object(CInlineAction))
#3 /opt/lampp/htdocs/VNU20/framework/web/CController.php(265): CController->runActionWithFilters(Object(CInlineAction), Array)
#4 /opt/lampp/htdocs/VNU20/framework/web/CWebApplication.php(282): CController->run('')
#5 /opt/lampp/htdocs/VNU20/framework/web/CWebApplication.php(141): CWebApplication->runController('album')
#6 /opt/lampp/htdocs/VNU20/framework/base/CApplication.php(180): CWebApplication->processRequest()
#7 /opt/lampp/htdocs/VNU20/index.php(13): CApplication->run()
#8 {main}
REQUEST_URI=/VNU20/?r=album
---
2014/11/23 20:02:39 [error] [exception.CException] exception 'CException' with message 'Property "Photos.title" is not defined.' in /opt/lampp/htdocs/VNU20/framework/base/CComponent.php:130
Stack trace:
#0 /opt/lampp/htdocs/VNU20/framework/db/ar/CActiveRecord.php(145): CComponent->__get('title')
#1 /opt/lampp/htdocs/VNU20/protected/views/album/view.php(39): CActiveRecord->__get('title')
#2 /opt/lampp/htdocs/VNU20/framework/web/CBaseController.php(126): require('/opt/lampp/htdo...')
#3 /opt/lampp/htdocs/VNU20/framework/web/CBaseController.php(95): CBaseController->renderInternal('/opt/lampp/htdo...', Array, true)
#4 /opt/lampp/htdocs/VNU20/framework/web/CController.php(869): CBaseController->renderFile('/opt/lampp/htdo...', Array, true)
#5 /opt/lampp/htdocs/VNU20/framework/web/CController.php(782): CController->renderPartial('view', Array, true)
#6 /opt/lampp/htdocs/VNU20/protected/controllers/AlbumController.php(34): CController->render('view', Array)
#7 [internal function]: AlbumController->actionIndex('1')
#8 /opt/lampp/htdocs/VNU20/framework/web/actions/CAction.php(108): ReflectionMethod->invokeArgs(Object(AlbumController), Array)
#9 /opt/lampp/htdocs/VNU20/framework/web/actions/CInlineAction.php(47): CAction->runWithParamsInternal(Object(AlbumController), Object(ReflectionMethod), Array)
#10 /opt/lampp/htdocs/VNU20/framework/web/CController.php(308): CInlineAction->runWithParams(Array)
#11 /opt/lampp/htdocs/VNU20/framework/web/CController.php(286): CController->runAction(Object(CInlineAction))
#12 /opt/lampp/htdocs/VNU20/framework/web/CController.php(265): CController->runActionWithFilters(Object(CInlineAction), Array)
#13 /opt/lampp/htdocs/VNU20/framework/web/CWebApplication.php(282): CController->run('')
#14 /opt/lampp/htdocs/VNU20/framework/web/CWebApplication.php(141): CWebApplication->runController('album')
#15 /opt/lampp/htdocs/VNU20/framework/base/CApplication.php(180): CWebApplication->processRequest()
#16 /opt/lampp/htdocs/VNU20/index.php(13): CApplication->run()
#17 {main}
REQUEST_URI=/VNU20/?r=album&id=1
---
2014/11/24 18:46:05 [error] [exception.CException] exception 'CException' with message 'Property "Posts.0" is not defined.' in /opt/lampp/htdocs/VNU20/framework/base/CComponent.php:130
Stack trace:
#0 /opt/lampp/htdocs/VNU20/framework/db/ar/CActiveRecord.php(145): CComponent->__get('0')
#1 /opt/lampp/htdocs/VNU20/framework/base/CModel.php(596): CActiveRecord->__get('0')
#2 /opt/lampp/htdocs/VNU20/protected/views/homepage/index.php(263): CModel->offsetGet(0)
#3 /opt/lampp/htdocs/VNU20/framework/web/CBaseController.php(126): require('/opt/lampp/htdo...')
#4 /opt/lampp/htdocs/VNU20/framework/web/CBaseController.php(95): CBaseController->renderInternal('/opt/lampp/htdo...', Array, true)
#5 /opt/lampp/htdocs/VNU20/framework/web/CController.php(869): CBaseController->renderFile('/opt/lampp/htdo...', Array, true)
#6 /opt/lampp/htdocs/VNU20/framework/web/CController.php(782): CController->renderPartial('index', Array, true)
#7 /opt/lampp/htdocs/VNU20/protected/controllers/HomepageController.php(37): CController->render('index', Array)
#8 /opt/lampp/htdocs/VNU20/framework/web/actions/CInlineAction.php(49): HomepageController->actionIndex()
#9 /opt/lampp/htdocs/VNU20/framework/web/CController.php(308): CInlineAction->runWithParams(Array)
#10 /opt/lampp/htdocs/VNU20/framework/web/CController.php(286): CController->runAction(Object(CInlineAction))
#11 /opt/lampp/htdocs/VNU20/framework/web/CController.php(265): CController->runActionWithFilters(Object(CInlineAction), Array)
#12 /opt/lampp/htdocs/VNU20/framework/web/CWebApplication.php(282): CController->run('')
#13 /opt/lampp/htdocs/VNU20/framework/web/CWebApplication.php(141): CWebApplication->runController('')
#14 /opt/lampp/htdocs/VNU20/framework/base/CApplication.php(180): CWebApplication->processRequest()
#15 /opt/lampp/htdocs/VNU20/index.php(13): CApplication->run()
#16 {main}
REQUEST_URI=/VNU20/
---
2014/11/24 18:46:47 [error] [php] Undefined variable: static (/opt/lampp/htdocs/VNU20/protected/views/homepage/index.php:2)
Stack trace:
#0 /opt/lampp/htdocs/VNU20/framework/web/CBaseController.php(95): HomepageController->renderInternal()
#1 /opt/lampp/htdocs/VNU20/framework/web/CController.php(869): HomepageController->renderFile()
#2 /opt/lampp/htdocs/VNU20/framework/web/CController.php(782): HomepageController->renderPartial()
#3 /opt/lampp/htdocs/VNU20/protected/controllers/HomepageController.php(37): HomepageController->render()
#4 /opt/lampp/htdocs/VNU20/framework/web/actions/CInlineAction.php(49): HomepageController->actionIndex()
#5 /opt/lampp/htdocs/VNU20/framework/web/CController.php(308): CInlineAction->runWithParams()
#6 /opt/lampp/htdocs/VNU20/framework/web/CController.php(286): HomepageController->runAction()
#7 /opt/lampp/htdocs/VNU20/framework/web/CController.php(265): HomepageController->runActionWithFilters()
#8 /opt/lampp/htdocs/VNU20/framework/web/CWebApplication.php(282): HomepageController->run()
#9 /opt/lampp/htdocs/VNU20/framework/web/CWebApplication.php(141): CWebApplication->runController()
#10 /opt/lampp/htdocs/VNU20/framework/base/CApplication.php(180): CWebApplication->processRequest()
#11 /opt/lampp/htdocs/VNU20/index.php(13): CWebApplication->run()
REQUEST_URI=/VNU20/
in /opt/lampp/htdocs/VNU20/protected/views/homepage/index.php (2)
in /opt/lampp/htdocs/VNU20/protected/views/homepage/index.php (264)
in /opt/lampp/htdocs/VNU20/protected/controllers/HomepageController.php (37)
2014/11/24 20:31:35 [error] [exception.CException] exception 'CException' with message 'Property "Posts.meta" is not defined.' in /opt/lampp/htdocs/VNU20/framework/base/CComponent.php:130
Stack trace:
#0 /opt/lampp/htdocs/VNU20/framework/db/ar/CActiveRecord.php(145): CComponent->__get('meta')
#1 /opt/lampp/htdocs/VNU20/protected/views/post/index.php(33): CActiveRecord->__get('meta')
#2 /opt/lampp/htdocs/VNU20/framework/web/CBaseController.php(126): require('/opt/lampp/htdo...')
#3 /opt/lampp/htdocs/VNU20/framework/web/CBaseController.php(95): CBaseController->renderInternal('/opt/lampp/htdo...', Array, true)
#4 /opt/lampp/htdocs/VNU20/framework/web/CController.php(869): CBaseController->renderFile('/opt/lampp/htdo...', Array, true)
#5 /opt/lampp/htdocs/VNU20/framework/web/CController.php(782): CController->renderPartial('index', Array, true)
#6 /opt/lampp/htdocs/VNU20/protected/controllers/PostController.php(43): CController->render('index', Array)
#7 [internal function]: PostController->actionIndex('15')
#8 /opt/lampp/htdocs/VNU20/framework/web/actions/CAction.php(108): ReflectionMethod->invokeArgs(Object(PostController), Array)
#9 /opt/lampp/htdocs/VNU20/framework/web/actions/CInlineAction.php(47): CAction->runWithParamsInternal(Object(PostController), Object(ReflectionMethod), Array)
#10 /opt/lampp/htdocs/VNU20/framework/web/CController.php(308): CInlineAction->runWithParams(Array)
#11 /opt/lampp/htdocs/VNU20/framework/web/CController.php(286): CController->runAction(Object(CInlineAction))
#12 /opt/lampp/htdocs/VNU20/framework/web/CController.php(265): CController->runActionWithFilters(Object(CInlineAction), Array)
#13 /opt/lampp/htdocs/VNU20/framework/web/CWebApplication.php(282): CController->run('')
#14 /opt/lampp/htdocs/VNU20/framework/web/CWebApplication.php(141): CWebApplication->runController('post')
#15 /opt/lampp/htdocs/VNU20/framework/base/CApplication.php(180): CWebApplication->processRequest()
#16 /opt/lampp/htdocs/VNU20/index.php(13): CApplication->run()
#17 {main}
REQUEST_URI=/VNU20/index.php?r=post&id=15
HTTP_REFERER=http://localhost/VNU20/
---
2014/11/25 08:06:30 [error] [exception.CHttpException.404] exception 'CHttpException' with message 'Unable to resolve the request "albums".' in /opt/lampp/htdocs/VNU20/framework/web/CWebApplication.php:286
Stack trace:
#0 /opt/lampp/htdocs/VNU20/framework/web/CWebApplication.php(141): CWebApplication->runController('albums')
#1 /opt/lampp/htdocs/VNU20/framework/base/CApplication.php(180): CWebApplication->processRequest()
#2 /opt/lampp/htdocs/VNU20/index.php(13): CApplication->run()
#3 {main}
REQUEST_URI=/VNU20/index.php?r=albums&id=0
HTTP_REFERER=http://localhost/VNU20/?r=album&id=1
---
2014/11/25 18:57:10 [error] [exception.CException] exception 'CException' with message 'Property "Posts.metas" is not defined.' in /opt/lampp/htdocs/VNU20/framework/base/CComponent.php:130
Stack trace:
#0 /opt/lampp/htdocs/VNU20/framework/db/ar/CActiveRecord.php(145): CComponent->__get('metas')
#1 /opt/lampp/htdocs/VNU20/protected/views/post/index.php(33): CActiveRecord->__get('metas')
#2 /opt/lampp/htdocs/VNU20/framework/web/CBaseController.php(126): require('/opt/lampp/htdo...')
#3 /opt/lampp/htdocs/VNU20/framework/web/CBaseController.php(95): CBaseController->renderInternal('/opt/lampp/htdo...', Array, true)
#4 /opt/lampp/htdocs/VNU20/framework/web/CController.php(869): CBaseController->renderFile('/opt/lampp/htdo...', Array, true)
#5 /opt/lampp/htdocs/VNU20/framework/web/CController.php(782): CController->renderPartial('index', Array, true)
#6 /opt/lampp/htdocs/VNU20/protected/controllers/PostController.php(43): CController->render('index', Array)
#7 [internal function]: PostController->actionIndex('15')
#8 /opt/lampp/htdocs/VNU20/framework/web/actions/CAction.php(108): ReflectionMethod->invokeArgs(Object(PostController), Array)
#9 /opt/lampp/htdocs/VNU20/framework/web/actions/CInlineAction.php(47): CAction->runWithParamsInternal(Object(PostController), Object(ReflectionMethod), Array)
#10 /opt/lampp/htdocs/VNU20/framework/web/CController.php(308): CInlineAction->runWithParams(Array)
#11 /opt/lampp/htdocs/VNU20/framework/web/CController.php(286): CController->runAction(Object(CInlineAction))
#12 /opt/lampp/htdocs/VNU20/framework/web/CController.php(265): CController->runActionWithFilters(Object(CInlineAction), Array)
#13 /opt/lampp/htdocs/VNU20/framework/web/CWebApplication.php(282): CController->run('')
#14 /opt/lampp/htdocs/VNU20/framework/web/CWebApplication.php(141): CWebApplication->runController('post')
#15 /opt/lampp/htdocs/VNU20/framework/base/CApplication.php(180): CWebApplication->processRequest()
#16 /opt/lampp/htdocs/VNU20/index.php(13): CApplication->run()
#17 {main}
REQUEST_URI=/VNU20/index.php?r=post&id=15
HTTP_REFERER=http://localhost/VNU20/
---
2014/11/25 19:11:39 [error] [php] Array to string conversion (/opt/lampp/htdocs/VNU20/protected/controllers/HomepageController.php:24)
Stack trace:
#0 /opt/lampp/htdocs/VNU20/framework/web/CController.php(286): HomepageController->runAction()
#1 /opt/lampp/htdocs/VNU20/framework/web/CController.php(265): HomepageController->runActionWithFilters()
#2 /opt/lampp/htdocs/VNU20/framework/web/CWebApplication.php(282): HomepageController->run()
#3 /opt/lampp/htdocs/VNU20/framework/web/CWebApplication.php(141): CWebApplication->runController()
#4 /opt/lampp/htdocs/VNU20/framework/base/CApplication.php(180): CWebApplication->processRequest()
#5 /opt/lampp/htdocs/VNU20/index.php(13): CWebApplication->run()
REQUEST_URI=/VNU20/
in /opt/lampp/htdocs/VNU20/protected/controllers/HomepageController.php (24)
in /opt/lampp/htdocs/VNU20/index.php (13)
